
=== Sun Nov  7 22:17:11 2021

Packages were changed.
Update Mode: updateDependencies

The following packages were updated:
  com.unity.2d.animation from version 3.2.6 to 3.2.9
  com.unity.2d.psdimporter from version 2.1.6 to 2.1.8
  com.unity.2d.spriteshape from version 3.0.15 to 3.0.17
  com.unity.collab-proxy from version 1.2.16 to 1.10.2
  com.unity.ide.vscode from version 1.2.3 to 1.2.4
  com.unity.test-framework from version 1.1.24 to 1.1.29

=== Fri Nov 12 21:51:36 2021

Packages were changed.
Update Mode: updateDependencies

The following packages were added:
  com.unity.ide.visualstudio@2.0.11
The following packages were updated:
  com.unity.2d.animation from version 3.2.9 to 6.0.5
  com.unity.2d.pixel-perfect from version 2.1.0 to 5.0.1
  com.unity.2d.psdimporter from version 2.1.8 to 5.0.4
  com.unity.2d.spriteshape from version 3.0.17 to 6.0.1
  com.unity.ide.rider from version 1.2.1 to 3.0.7
  com.unity.textmeshpro from version 2.1.6 to 3.0.6
  com.unity.timeline from version 1.2.18 to 1.5.6

=== Fri Nov 26 21:55:52 2021

Packages were changed.
Update Mode: resetToDefaultDependencies

The following packages were updated:
  com.unity.collab-proxy from version 1.10.2 to 1.7.1
  com.unity.ide.rider from version 3.0.7 to 2.0.7
  com.unity.ide.visualstudio from version 2.0.11 to 2.0.9
  com.unity.ide.vscode from version 1.2.4 to 1.2.3
  com.unity.test-framework from version 1.1.29 to 1.1.27
  com.unity.timeline from version 1.5.6 to 1.4.8
The following packages were removed:
  com.unity.2d.animation@6.0.5
  com.unity.2d.pixel-perfect@5.0.1
  com.unity.2d.psdimporter@5.0.4
  com.unity.2d.sprite@1.0.0
  com.unity.2d.spriteshape@6.0.1
  com.unity.2d.tilemap@1.0.0
